# TLS secrets log file, generated by OpenSSL / Python
SERVER_HANDSHAKE_TRAFFIC_SECRET da25f31d0578e4892ac01ba8c8185e2422ce4b1d4a2f0d6acb680be8cc2916fb 4d2128d87eeed0f3701fb239747903c68e64643f53e7df759c7480b7375f2b2bb5fa157274008d5c79686b45bbc373bb
EXPORTER_SECRET da25f31d0578e4892ac01ba8c8185e2422ce4b1d4a2f0d6acb680be8cc2916fb a218d3484b73997ce40486d9a6a3c4b9e9969ddc2ea147c7e98627dd385f85e76c76b831d778523a03d056ca7db2ca79
SERVER_TRAFFIC_SECRET_0 da25f31d0578e4892ac01ba8c8185e2422ce4b1d4a2f0d6acb680be8cc2916fb 64c8725de17ff74d27fcbf3afdb6c2b4aafbdbf376b461ee0d6b58f97284457ef8494d42bb27f1db2d218544436cb5de
CLIENT_HANDSHAKE_TRAFFIC_SECRET da25f31d0578e4892ac01ba8c8185e2422ce4b1d4a2f0d6acb680be8cc2916fb 9ae0d3e3f14b879b8be3c3904259312a390a7d0ed3670b7b51759c3b781bfff257b1e4b3de660c83cd8a390c687d7fe0
CLIENT_TRAFFIC_SECRET_0 da25f31d0578e4892ac01ba8c8185e2422ce4b1d4a2f0d6acb680be8cc2916fb d56c5c5cfe08d3ab2f539505ed839f3fb1ca06255394af84820cc180e9d0a97693a2cc42ce0692185f267cf6df0080bd
SERVER_HANDSHAKE_TRAFFIC_SECRET 144b537beb6a0412b40c44f3009d39df36f4496d97cabac0785d23f71d3a5c51 6b3562a1d677a0cba12e940bb6751d7ef36502352fb8fec9f60912a87880c1d87e86b6606b182dcfb05755299d56766a
EXPORTER_SECRET 144b537beb6a0412b40c44f3009d39df36f4496d97cabac0785d23f71d3a5c51 b37b7e5076ca4ff28d56b901b132c07d07ef6d225443a70c2338417336ef17974d036fd252ccddf73240c76e28367012
SERVER_TRAFFIC_SECRET_0 144b537beb6a0412b40c44f3009d39df36f4496d97cabac0785d23f71d3a5c51 5cce703cec27a29360b3d071616e928b81d57075ee88c9cfc7933381372abb043bc291352d6fe00b35cd278bc4a37f3e
CLIENT_HANDSHAKE_TRAFFIC_SECRET 144b537beb6a0412b40c44f3009d39df36f4496d97cabac0785d23f71d3a5c51 887af2558a5040535a984d1681e3a938bfb3bdf6c673631545a7456c7c7bffcbde3dc720ffd04dadd152cbe05bbc9599
CLIENT_TRAFFIC_SECRET_0 144b537beb6a0412b40c44f3009d39df36f4496d97cabac0785d23f71d3a5c51 3bb4af04c8cc22598e14918371317ec9d797f16c0b7f3658d27c7849cae5519a077c8f3d3efab03a098b86879d812f04
SERVER_HANDSHAKE_TRAFFIC_SECRET cf2c06c2e9e43178c98689fca69b901f3b1c0a441a13827d416a50ebfc31ad0e 1d5a8a1d4f2f85d031230b1438c59af192cafdfd197333176f35bc046bd3ac0999b44c10b634a3f57d5c651bc63d7c49
EXPORTER_SECRET cf2c06c2e9e43178c98689fca69b901f3b1c0a441a13827d416a50ebfc31ad0e a0aa49865b3f2c3ce25f740c89a923d6fdd6d5ab43b7d1d51ee336bc582d84476ed0b2c6299088c056d7136ee5bbf7a2
SERVER_TRAFFIC_SECRET_0 cf2c06c2e9e43178c98689fca69b901f3b1c0a441a13827d416a50ebfc31ad0e 4238a003f056675f8a488aca373f03ac41fb97c2419fe0c81cdcc99ea72521a83e6d8392d2044d36a1ac5ed7cccd8a0d
CLIENT_HANDSHAKE_TRAFFIC_SECRET cf2c06c2e9e43178c98689fca69b901f3b1c0a441a13827d416a50ebfc31ad0e f68474d69be36be0a02e92f27b44e3f1e4abf0c125453057735b734c059cb7fd53be3a7b20648d2ce2053b9dda4d15d2
CLIENT_TRAFFIC_SECRET_0 cf2c06c2e9e43178c98689fca69b901f3b1c0a441a13827d416a50ebfc31ad0e 1e53483af4182178edccc64eab6108066e5e227f8f986100f4124cd906281f8e48ae992600ef302987d87f29dc4b652c
SERVER_HANDSHAKE_TRAFFIC_SECRET 282ff2910cad5b90d02b922307e1b0d6ca9af7cf70dfccf0a851a1436831509c a6c8ca884625f8981972a1fcf7e6a63e42cb4652d4c17b5d527510aabe80e5747ace1b944d1a0355a8c4e534d2296131
EXPORTER_SECRET 282ff2910cad5b90d02b922307e1b0d6ca9af7cf70dfccf0a851a1436831509c 6450328aeec9a9004106e2dfd61831040cf5b802a1236c0332b16041d70bb82f1cb9880ffa195a582cb657376faadcc1
SERVER_TRAFFIC_SECRET_0 282ff2910cad5b90d02b922307e1b0d6ca9af7cf70dfccf0a851a1436831509c ff6d2d6f920d77c29554bef4f0f8581637519624c84edaca3346136d52b859d56850160f8f88620ec9cf0ed20f2d6cfb
CLIENT_HANDSHAKE_TRAFFIC_SECRET 282ff2910cad5b90d02b922307e1b0d6ca9af7cf70dfccf0a851a1436831509c a65e907709addac732d53c56f95adbb0998ec1b5710c30decba845b129c0a9d26b2244eb2b6b5bf483cb0cce490c7bc8
CLIENT_TRAFFIC_SECRET_0 282ff2910cad5b90d02b922307e1b0d6ca9af7cf70dfccf0a851a1436831509c e3180b3790ea1c99c65c1f0e913875cf72db5bf90d502319bd19220db9aa2d7d10325e642003999899a1dfe14742b5a9
SERVER_HANDSHAKE_TRAFFIC_SECRET 3072806aed023087d844a3f3bb9202c21a6ea2d685da792d6fed5db27f595517 6192bcd452d10dc9501f5bfcaf4420f6b66d3d2affbcb4a3bad0afd787d636af4bc44cddeecb6ca61514f943945e8ee3
EXPORTER_SECRET 3072806aed023087d844a3f3bb9202c21a6ea2d685da792d6fed5db27f595517 d1dfe3bff83d8764be95aea951a2f9f0189c1788d59b58e2158ce850e262aca24af6e20dc5baf896a6e1638ca5bfc47c
SERVER_TRAFFIC_SECRET_0 3072806aed023087d844a3f3bb9202c21a6ea2d685da792d6fed5db27f595517 c9b75813cb5209bc9e6cf096c45df0f95c0e8b85929a7bb36bade6bee83eb03c62a016a09f795b9057113ed34a00d00a
CLIENT_HANDSHAKE_TRAFFIC_SECRET 3072806aed023087d844a3f3bb9202c21a6ea2d685da792d6fed5db27f595517 e7b698225dce38d9271e7dcaf330f7bda6e61cbfd8242a04d92b9f902848bc4b2647b87f923d9b1b267c67a02d8c6c4a
CLIENT_TRAFFIC_SECRET_0 3072806aed023087d844a3f3bb9202c21a6ea2d685da792d6fed5db27f595517 16f38bd0ce21855e5520f32eafe1e8b90f0580a88bcf730ac44ed7778d14f0a757c887857320b5d93ee2596aa9d71359
CLIENT_RANDOM 0fd84c370b36d804ba60cf80821c061cbdb0d11ac4a69161275943e033d9afb9 ffcf27cf9ff4f6f1ed4939c10750c2be640c79a3c2d03ac480e296cb7ffe053fba94a5b3e47a7c4ed0f6f79d051f0451
